0 info it worked if it ends with ok
1 verbose cli [ '/Users/maheshbabu/.nvm/versions/node/v7.7.1/bin/node',
1 verbose cli   '/Users/maheshbabu/.nvm/versions/node/v7.7.1/bin/npm',
1 verbose cli   'run',
1 verbose cli   'build:lib' ]
2 info using npm@4.1.2
3 info using node@v7.7.1
4 verbose run-script [ 'prebuild:lib', 'build:lib', 'postbuild:lib' ]
5 info lifecycle webpack-demo@1.0.0~prebuild:lib: webpack-demo@1.0.0
6 verbose lifecycle webpack-demo@1.0.0~prebuild:lib: unsafe-perm in lifecycle true
7 verbose lifecycle webpack-demo@1.0.0~prebuild:lib: PATH: /Users/maheshbabu/.nvm/versions/node/v7.7.1/lib/node_modules/npm/bin/node-gyp-bin:/Users/maheshbabu/Projects/webpack-demo/node_modules/.bin:/Users/maheshbabu/.nvm/versions/node/v7.7.1/bin:/usr/local/bin:/usr/bin:/bin:/usr/sbin:/sbin
8 verbose lifecycle webpack-demo@1.0.0~prebuild:lib: CWD: /Users/maheshbabu/Projects/webpack-demo
9 silly lifecycle webpack-demo@1.0.0~prebuild:lib: Args: [ '-c', 'npm run lint:js && rimraf dist*' ]
10 silly lifecycle webpack-demo@1.0.0~prebuild:lib: Returned: code: 0  signal: null
11 info lifecycle webpack-demo@1.0.0~build:lib: webpack-demo@1.0.0
12 verbose lifecycle webpack-demo@1.0.0~build:lib: unsafe-perm in lifecycle true
13 verbose lifecycle webpack-demo@1.0.0~build:lib: PATH: /Users/maheshbabu/.nvm/versions/node/v7.7.1/lib/node_modules/npm/bin/node-gyp-bin:/Users/maheshbabu/Projects/webpack-demo/node_modules/.bin:/Users/maheshbabu/.nvm/versions/node/v7.7.1/bin:/usr/local/bin:/usr/bin:/bin:/usr/sbin:/sbin
14 verbose lifecycle webpack-demo@1.0.0~build:lib: CWD: /Users/maheshbabu/Projects/webpack-demo
15 silly lifecycle webpack-demo@1.0.0~build:lib: Args: [ '-c', 'webpack --config webpack.lib.js' ]
16 silly lifecycle webpack-demo@1.0.0~build:lib: Returned: code: 1  signal: null
17 info lifecycle webpack-demo@1.0.0~build:lib: Failed to exec build:lib script
18 verbose stack Error: webpack-demo@1.0.0 build:lib: `webpack --config webpack.lib.js`
18 verbose stack Exit status 1
18 verbose stack     at EventEmitter.<anonymous> (/Users/maheshbabu/.nvm/versions/node/v7.7.1/lib/node_modules/npm/lib/utils/lifecycle.js:279:16)
18 verbose stack     at emitTwo (events.js:106:13)
18 verbose stack     at EventEmitter.emit (events.js:194:7)
18 verbose stack     at ChildProcess.<anonymous> (/Users/maheshbabu/.nvm/versions/node/v7.7.1/lib/node_modules/npm/lib/utils/spawn.js:40:14)
18 verbose stack     at emitTwo (events.js:106:13)
18 verbose stack     at ChildProcess.emit (events.js:194:7)
18 verbose stack     at maybeClose (internal/child_process.js:899:16)
18 verbose stack     at Process.ChildProcess._handle.onexit (internal/child_process.js:226:5)
19 verbose pkgid webpack-demo@1.0.0
20 verbose cwd /Users/maheshbabu/Projects/webpack-demo
21 error Darwin 16.1.0
22 error argv "/Users/maheshbabu/.nvm/versions/node/v7.7.1/bin/node" "/Users/maheshbabu/.nvm/versions/node/v7.7.1/bin/npm" "run" "build:lib"
23 error node v7.7.1
24 error npm  v4.1.2
25 error code ELIFECYCLE
26 error webpack-demo@1.0.0 build:lib: `webpack --config webpack.lib.js`
26 error Exit status 1
27 error Failed at the webpack-demo@1.0.0 build:lib script 'webpack --config webpack.lib.js'.
27 error Make sure you have the latest version of node.js and npm installed.
27 error If you do, this is most likely a problem with the webpack-demo package,
27 error not with npm itself.
27 error Tell the author that this fails on your system:
27 error     webpack --config webpack.lib.js
27 error You can get information on how to open an issue for this project with:
27 error     npm bugs webpack-demo
27 error Or if that isn't available, you can get their info via:
27 error     npm owner ls webpack-demo
27 error There is likely additional logging output above.
28 verbose exit [ 1, true ]
